<?xml version="1.0" encoding="UTF-8"?>
<!-- Generated by org.testng.reporters.JUnitReportReporter -->
<testsuite hostname="DESKTOP-CAUKBV7" failures="0" tests="1" name="Flip.LoginTest" time="58.057" errors="0" timestamp="18 Oct 2021 06:21:03 GMT">
  <testcase classname="Flip.LoginTest" name="Login" time="58.057"/>
</testsuite> <!-- Flip.LoginTest -->
