<?xml version="1.0" encoding="UTF-8"?>
<!-- Generated by org.testng.reporters.JUnitReportReporter -->
<testsuite hostname="DESKTOP-CAUKBV7" failures="0" tests="1" name="Tests.LoginTest" time="17.582" errors="0" timestamp="29 Nov 2021 10:43:15 GMT">
  <testcase classname="Tests.LoginTest" name="Login" time="17.582"/>
</testsuite> <!-- Tests.LoginTest -->
