<?xml version="1.0" encoding="UTF-8"?>
<!-- Generated by org.testng.reporters.JUnitReportReporter -->
<testsuite hostname="DESKTOP-CAUKBV7" failures="0" tests="1" name="Tests.LoginTest" time="61.631" errors="0" timestamp="18 Oct 2021 09:33:36 GMT">
  <testcase classname="Tests.LoginTest" name="Login" time="61.631"/>
</testsuite> <!-- Tests.LoginTest -->
