<?xml version="1.0" encoding="UTF-8"?>
<!-- Generated by org.testng.reporters.JUnitReportReporter -->
<testsuite hostname="DESKTOP-9DC16RT" name="Flip.LoginTest" tests="1" failures="0" timestamp="15 Jul 2021 14:43:27 GMT" time="20.023" errors="0">
  <testcase name="CreateOrder" time="20.023" classname="Flip.LoginTest"/>
</testsuite> <!-- Flip.LoginTest -->
